<?xml version="1.0" encoding="UTF-8"?>
<testsuite xmlns:xsi="http://www.w3.org/2001/XMLSchema-instance" xsi:noNamespaceSchemaLocation="https://maven.apache.org/surefire/maven-surefire-plugin/xsd/surefire-test-report-3.0.xsd" version="3.0" name="org.sonar.samples.java.checks.MyCustomSubscriptionRuleTest" time="0.028" tests="1" errors="0" skipped="0" failures="0">
  <properties>
[...]
</properties>
  <testcase name="check" classname="org.sonar.samples.java.checks.MyCustomSubscriptionRuleTest" time="0.025">
    <system-out><![CDATA[19:32:42.577 [main] DEBUG o.s.java.bytecode.ClassLoaderBuilder - ----- Classpath analyzed by Squid:
19:32:42.578 [main] DEBUG o.s.java.bytecode.ClassLoaderBuilder - /home/justas/Projects/sonar-custom-rules-examples/java-custom-rules/target/test-classes
19:32:42.578 [main] DEBUG o.s.java.bytecode.ClassLoaderBuilder - -----
19:32:42.578 [main] INFO  o.s.analyzer.commons.ProgressReport - 1 source files to be analyzed
19:32:42.604 [Report about progress of Java AST analyzer] INFO  o.s.analyzer.commons.ProgressReport - 1/1 source files have been analyzed
]]></system-out>
  </testcase>
</testsuite>