<?xml version="1.0" encoding="UTF-8"?>
<!-- Generated by org.testng.reporters.JUnitXMLReporter -->
<testsuite ignored="0" hostname="PreacherTux" failures="0" tests="3" name="Surefire test" time="0.678" errors="0" timestamp="2020-12-12T16:34:26 EET">
  <testcase classname="org.sonar.samples.java.checks.LineLessThan120Test" name="test on test(org.sonar.samples.java.checks.LineLessThan120Test)" time="0.611"/>
  <testcase classname="org.sonar.samples.java.checks.BigFunctionTest" name="test on test(org.sonar.samples.java.checks.BigFunctionTest)" time="0.03"/>
  <testcase classname="org.sonar.samples.java.checks.ParametersLessThan5Test" name="test on test(org.sonar.samples.java.checks.ParametersLessThan5Test)" time="0.011"/>
</testsuite> <!-- Surefire test -->
