<?xml version="1.0" encoding="UTF-8"?>
<testsuite xmlns:xsi="http://www.w3.org/2001/XMLSchema-instance" xsi:noNamespaceSchemaLocation="https://maven.apache.org/surefire/maven-surefire-plugin/xsd/surefire-test-report-3.0.xsd" version="3.0" name="TestSuite" time="0.843" tests="3" errors="0" skipped="0" failures="0">
  <properties>
[...]
</properties>
  <testcase name="test on test(org.sonar.samples.java.checks.LineLessThan120Test)" classname="org.sonar.samples.java.checks.LineLessThan120Test" time="0.601">
    <system-out><![CDATA[Usage: <main class> [options] The XML suite files to run
  Options:
    -alwaysrunlisteners
      Should MethodInvocation Listeners be run even for skipped methods
      Default: true
    -configfailurepolicy
      Configuration failure policy (skip or continue)
    -d
      Output directory
    -dataproviderthreadcount
      Number of threads to use when running data providers
    -dependencyinjectorfactory
      The dependency injector factory implementation that TestNG should use.
    -excludegroups
      Comma-separated list of group names to  exclude
    -failwheneverythingskipped
      Should TestNG fail execution if all tests were skipped and nothing was 
      run. 
      Default: false
    -groups
      Comma-separated list of group names to be run
    -junit
      JUnit mode
      Default: false
    -listener
      List of .class files or list of class names implementing ITestListener 
      or ISuiteListener
    -methods
      Comma separated of test methods
      Default: []
    -methodselectors
      List of .class files or list of class names implementing IMethodSelector
    -mixed
      Mixed mode - autodetect the type of current test and run it with 
      appropriate runner
      Default: false
    -objectfactory
      List of .class files or list of class names implementing 
      ITestRunnerFactory 
    -parallel
      Parallel mode (methods, tests or classes)
      Possible Values: [tests, methods, classes, instances, none, true, false]
    -port
      The port
    -reporter
      Extended configuration for custom report listener
    -spilistenerstoskip
      Comma separated fully qualified class names of listeners that should be 
      skipped from being wired in via Service Loaders.
      Default: <empty string>
    -suitename
      Default name of test suite, if not specified in suite definition file or 
      source code
    -suitethreadpoolsize
      Size of the thread pool to use to run suites
      Default: 1
    -testclass
      The list of test classes
    -testjar
      A jar file containing the tests
    -testname
      Default name of test, if not specified in suitedefinition file or source 
      code 
    -testnames
      The list of test names to run
    -testrunfactory, -testRunFactory
      The factory used to create tests
    -threadcount
      Number of threads to use when running tests in parallel
    -threadpoolfactoryclass
      The threadpool executor factory implementation that TestNG should use.
    -usedefaultlisteners
      Whether to use the default listeners
      Default: true
    -log, -verbose
      Level of verbosity
    -xmlpathinjar
      The full path to the xml file inside the jar file (only valid if 
      -testjar was specified)
      Default: testng.xml

16:34:26.221 [main] DEBUG o.s.java.bytecode.ClassLoaderBuilder - ----- Classpath analyzed by Squid:
16:34:26.223 [main] DEBUG o.s.java.bytecode.ClassLoaderBuilder - /home/eli/Coding/DonjinKrawler/sonarQubeDonjinKrawler/java-custom-rules/target/test-classes
16:34:26.223 [main] DEBUG o.s.java.bytecode.ClassLoaderBuilder - -----
16:34:26.265 [main] INFO  o.s.analyzer.commons.ProgressReport - 1 source files to be analyzed
16:34:26.705 [Report about progress of Java AST analyzer] INFO  o.s.analyzer.commons.ProgressReport - 1/1 source files have been analyzed
]]></system-out>
    <system-err><![CDATA[[TestNG] [ERROR] No test suite found. Nothing to run
]]></system-err>
  </testcase>
  <testcase name="test on test(org.sonar.samples.java.checks.BigFunctionTest)" classname="org.sonar.samples.java.checks.BigFunctionTest" time="0.031">
    <system-out><![CDATA[16:34:26.720 [main] DEBUG o.s.java.bytecode.ClassLoaderBuilder - ----- Classpath analyzed by Squid:
16:34:26.720 [main] DEBUG o.s.java.bytecode.ClassLoaderBuilder - /home/eli/Coding/DonjinKrawler/sonarQubeDonjinKrawler/java-custom-rules/target/test-classes
16:34:26.720 [main] DEBUG o.s.java.bytecode.ClassLoaderBuilder - -----
16:34:26.720 [main] INFO  o.s.analyzer.commons.ProgressReport - 1 source files to be analyzed
16:34:26.746 [Report about progress of Java AST analyzer] INFO  o.s.analyzer.commons.ProgressReport - 1/1 source files have been analyzed
]]></system-out>
  </testcase>
  <testcase name="test on test(org.sonar.samples.java.checks.ParametersLessThan5Test)" classname="org.sonar.samples.java.checks.ParametersLessThan5Test" time="0.011">
    <system-out><![CDATA[16:34:26.749 [main] DEBUG o.s.java.bytecode.ClassLoaderBuilder - ----- Classpath analyzed by Squid:
16:34:26.749 [main] DEBUG o.s.java.bytecode.ClassLoaderBuilder - /home/eli/Coding/DonjinKrawler/sonarQubeDonjinKrawler/java-custom-rules/target/test-classes
16:34:26.749 [main] DEBUG o.s.java.bytecode.ClassLoaderBuilder - -----
16:34:26.749 [main] INFO  o.s.analyzer.commons.ProgressReport - 1 source files to be analyzed
16:34:26.757 [Report about progress of Java AST analyzer] INFO  o.s.analyzer.commons.ProgressReport - 1/1 source files have been analyzed
]]></system-out>
  </testcase>
</testsuite>